Performing C SOURCE FILE Test CMAKE_HAVE_LIBC_PTHREAD failed with the following output:
Change Dir: /home/kunwar/Desktop/Projects/Graphics/Assignment0/cmake-build-debug/CMakeFiles/CMakeTmp

Run Build Command(s):/usr/bin/make cmTC_35db8/fast && make[1]: Entering directory '/home/kunwar/Desktop/Projects/Graphics/Assignment0/cmake-build-debug/CMakeFiles/CMakeTmp'
/usr/bin/make  -f CMakeFiles/cmTC_35db8.dir/build.make CMakeFiles/cmTC_35db8.dir/build
make[2]: Entering directory '/home/kunwar/Desktop/Projects/Graphics/Assignment0/cmake-build-debug/CMakeFiles/CMakeTmp'
Building C object CMakeFiles/cmTC_35db8.dir/src.c.o
/usr/bin/cc   -DCMAKE_HAVE_LIBC_PTHREAD   -o CMakeFiles/cmTC_35db8.dir/src.c.o   -c /home/kunwar/Desktop/Projects/Graphics/Assignment0/cmake-build-debug/CMakeFiles/CMakeTmp/src.c
Linking C executable cmTC_35db8
/app/extra/clion/bin/cmake/linux/bin/cmake -E cmake_link_script CMakeFiles/cmTC_35db8.dir/link.txt --verbose=1
/usr/bin/cc  -DCMAKE_HAVE_LIBC_PTHREAD    CMakeFiles/cmTC_35db8.dir/src.c.o  -o cmTC_35db8 
/usr/lib/gcc/x86_64-unknown-linux-gnu/10.2.0/../../../../x86_64-unknown-linux-gnu/bin/ld: CMakeFiles/cmTC_35db8.dir/src.c.o: in function `main':
src.c:(.text+0x3e): undefined reference to `pthread_create'
/usr/lib/gcc/x86_64-unknown-linux-gnu/10.2.0/../../../../x86_64-unknown-linux-gnu/bin/ld: src.c:(.text+0x4a): undefined reference to `pthread_detach'
/usr/lib/gcc/x86_64-unknown-linux-gnu/10.2.0/../../../../x86_64-unknown-linux-gnu/bin/ld: src.c:(.text+0x56): undefined reference to `pthread_cancel'
/usr/lib/gcc/x86_64-unknown-linux-gnu/10.2.0/../../../../x86_64-unknown-linux-gnu/bin/ld: src.c:(.text+0x67): undefined reference to `pthread_join'
collect2: error: ld returned 1 exit status
make[2]: *** [CMakeFiles/cmTC_35db8.dir/build.make:107: cmTC_35db8] Error 1
make[2]: Leaving directory '/home/kunwar/Desktop/Projects/Graphics/Assignment0/cmake-build-debug/CMakeFiles/CMakeTmp'
make[1]: *** [Makefile:141: cmTC_35db8/fast] Error 2
make[1]: Leaving directory '/home/kunwar/Desktop/Projects/Graphics/Assignment0/cmake-build-debug/CMakeFiles/CMakeTmp'


Source file was:
#include <pthread.h>

void* test_func(void* data)
{
  return data;
}

int main(void)
{
  pthread_t thread;
  pthread_create(&thread, NULL, test_func, NULL);
  pthread_detach(thread);
  pthread_cancel(thread);
  pthread_join(thread, NULL);
  pthread_atfork(NULL, NULL, NULL);
  pthread_exit(NULL);

  return 0;
}

Determining if the function pthread_create exists in the pthreads failed with the following output:
Change Dir: /home/kunwar/Desktop/Projects/Graphics/Assignment0/cmake-build-debug/CMakeFiles/CMakeTmp

Run Build Command(s):/usr/bin/make cmTC_b43ea/fast && make[1]: Entering directory '/home/kunwar/Desktop/Projects/Graphics/Assignment0/cmake-build-debug/CMakeFiles/CMakeTmp'
/usr/bin/make  -f CMakeFiles/cmTC_b43ea.dir/build.make CMakeFiles/cmTC_b43ea.dir/build
make[2]: Entering directory '/home/kunwar/Desktop/Projects/Graphics/Assignment0/cmake-build-debug/CMakeFiles/CMakeTmp'
Building C object CMakeFiles/cmTC_b43ea.dir/CheckFunctionExists.c.o
/usr/bin/cc   -DCHECK_FUNCTION_EXISTS=pthread_create   -o CMakeFiles/cmTC_b43ea.dir/CheckFunctionExists.c.o   -c /app/extra/clion/bin/cmake/linux/share/cmake-3.17/Modules/CheckFunctionExists.c
Linking C executable cmTC_b43ea
/app/extra/clion/bin/cmake/linux/bin/cmake -E cmake_link_script CMakeFiles/cmTC_b43ea.dir/link.txt --verbose=1
/usr/bin/cc  -DCHECK_FUNCTION_EXISTS=pthread_create    CMakeFiles/cmTC_b43ea.dir/CheckFunctionExists.c.o  -o cmTC_b43ea  -lpthreads 
/usr/lib/gcc/x86_64-unknown-linux-gnu/10.2.0/../../../../x86_64-unknown-linux-gnu/bin/ld: cannot find -lpthreads
collect2: error: ld returned 1 exit status
make[2]: *** [CMakeFiles/cmTC_b43ea.dir/build.make:107: cmTC_b43ea] Error 1
make[2]: Leaving directory '/home/kunwar/Desktop/Projects/Graphics/Assignment0/cmake-build-debug/CMakeFiles/CMakeTmp'
make[1]: *** [Makefile:141: cmTC_b43ea/fast] Error 2
make[1]: Leaving directory '/home/kunwar/Desktop/Projects/Graphics/Assignment0/cmake-build-debug/CMakeFiles/CMakeTmp'



